{
  "stats": {
    "suites": 1,
    "tests": 6,
    "passes": 6,
    "pending": 0,
    "failures": 0,
    "start": "2023-04-12T08:56:22.351Z",
    "end": "2023-04-12T08:56:27.524Z",
    "duration": 5173,
    "testsRegistered": 6,
    "passPercent": 100,
    "pendingPercent": 0,
    "other": 0,
    "hasOther": false,
    "skipped": 0,
    "hasSkipped": false
  },
  "results": [
    {
      "uuid": "bdc58ea8-f073-4274-9544-0b837e4c41f7",
      "title": "",
      "fullFile": "cypress/e2e/_requirements/03.ExpensesForm.cy.js",
      "file": "cypress/e2e/_requirements/03.ExpensesForm.cy.js",
      "beforeHooks": [],
      "afterHooks": [],
      "tests": [],
      "suites": [
        {
          "uuid": "1ac84df9-dc84-479c-86b4-242ea99af244",
          "title": "3 - Desenvolva um formulário para adicionar uma despesa contendo as seguintes características:",
          "fullFile": "",
          "file": "",
          "beforeHooks": [],
          "afterHooks": [],
          "tests": [
            {
              "title": "Um campo para adicionar o valor da despesa",
              "fullTitle": "3 - Desenvolva um formulário para adicionar uma despesa contendo as seguintes características: Um campo para adicionar o valor da despesa",
              "timedOut": null,
              "duration": 961,
              "state": "passed",
              "speed": "fast",
              "pass": true,
              "fail": false,
              "pending": false,
              "context": null,
              "code": "cy.getByTestId(_constants.VALUE_INPUT_TEST_ID).should('exist');",
              "err": {},
              "uuid": "487a3117-a8c0-4d10-bf2f-d8f8de95bd19",
              "parentUUID": "1ac84df9-dc84-479c-86b4-242ea99af244",
              "isHook": false,
              "skipped": false
            },
            {
              "title": "Um campo para adicionar a descrição da despesa",
              "fullTitle": "3 - Desenvolva um formulário para adicionar uma despesa contendo as seguintes características: Um campo para adicionar a descrição da despesa",
              "timedOut": null,
              "duration": 591,
              "state": "passed",
              "speed": "fast",
              "pass": true,
              "fail": false,
              "pending": false,
              "context": null,
              "code": "cy.getByTestId(_constants.DESCRIPTION_INPUT_TEST_ID).should('exist');",
              "err": {},
              "uuid": "71279ecd-ff1c-48b3-a2af-0fc7c35f2427",
              "parentUUID": "1ac84df9-dc84-479c-86b4-242ea99af244",
              "isHook": false,
              "skipped": false
            },
            {
              "title": "Um campo para selecionar em qual moeda será registrada a despesa",
              "fullTitle": "3 - Desenvolva um formulário para adicionar uma despesa contendo as seguintes características: Um campo para selecionar em qual moeda será registrada a despesa",
              "timedOut": null,
              "duration": 707,
              "state": "passed",
              "speed": "fast",
              "pass": true,
              "fail": false,
              "pending": false,
              "context": null,
              "code": "cy.getByTestId(_constants.CURRENCY_INPUT_TEST_ID).find('option').should('have.length', _constants.currenciesOptions.length);\ncy.wrap(_constants.currenciesOptions).each(currency => {\n  cy.getByTestId(_constants.CURRENCY_INPUT_TEST_ID).contains('option', currency).should('exist');\n});",
              "err": {},
              "uuid": "54eda06b-4b1f-4819-8b35-24dc759ee264",
              "parentUUID": "1ac84df9-dc84-479c-86b4-242ea99af244",
              "isHook": false,
              "skipped": false
            },
            {
              "title": "A chave currencies no estado global deve ser um array de siglas puxadas através de uma requisição à API",
              "fullTitle": "3 - Desenvolva um formulário para adicionar uma despesa contendo as seguintes características: A chave currencies no estado global deve ser um array de siglas puxadas através de uma requisição à API",
              "timedOut": null,
              "duration": 582,
              "state": "passed",
              "speed": "fast",
              "pass": true,
              "fail": false,
              "pending": false,
              "context": null,
              "code": "cy.get('@mockFetch').should('be.calledWith', 'https://economia.awesomeapi.com.br/json/all');\ncy.window().its('store').invoke('getState').its('wallet.currencies').should('deep.equal', _constants.currenciesOptions);",
              "err": {},
              "uuid": "41cdc72d-6820-4720-97f6-eb4a905c5f73",
              "parentUUID": "1ac84df9-dc84-479c-86b4-242ea99af244",
              "isHook": false,
              "skipped": false
            },
            {
              "title": "Um campo para selecionar qual método de pagamento será utilizado",
              "fullTitle": "3 - Desenvolva um formulário para adicionar uma despesa contendo as seguintes características: Um campo para selecionar qual método de pagamento será utilizado",
              "timedOut": null,
              "duration": 613,
              "state": "passed",
              "speed": "fast",
              "pass": true,
              "fail": false,
              "pending": false,
              "context": null,
              "code": "cy.getByTestId(_constants.METHOD_INPUT_TEST_ID).find('option').should('have.length', _constants.methodOptions.length);\ncy.wrap(_constants.methodOptions).each(method => {\n  cy.getByTestId(_constants.METHOD_INPUT_TEST_ID).contains('option', method).should('exist');\n});",
              "err": {},
              "uuid": "498ee94b-bdb6-4df1-b1f8-99d63caf275b",
              "parentUUID": "1ac84df9-dc84-479c-86b4-242ea99af244",
              "isHook": false,
              "skipped": false
            },
            {
              "title": "Um campo para selecionar uma categoria (tag) para a despesa.",
              "fullTitle": "3 - Desenvolva um formulário para adicionar uma despesa contendo as seguintes características: Um campo para selecionar uma categoria (tag) para a despesa.",
              "timedOut": null,
              "duration": 654,
              "state": "passed",
              "speed": "fast",
              "pass": true,
              "fail": false,
              "pending": false,
              "context": null,
              "code": "cy.getByTestId(_constants.TAG_INPUT_TEST_ID).find('option').should('have.length', _constants.tagOptions.length);\ncy.wrap(_constants.tagOptions).each(tag => {\n  cy.getByTestId(_constants.TAG_INPUT_TEST_ID).contains('option', tag).should('exist');\n});",
              "err": {},
              "uuid": "3df8bf69-8220-4d3d-adbc-1b8225ce6482",
              "parentUUID": "1ac84df9-dc84-479c-86b4-242ea99af244",
              "isHook": false,
              "skipped": false
            }
          ],
          "suites": [],
          "passes": [
            "487a3117-a8c0-4d10-bf2f-d8f8de95bd19",
            "71279ecd-ff1c-48b3-a2af-0fc7c35f2427",
            "54eda06b-4b1f-4819-8b35-24dc759ee264",
            "41cdc72d-6820-4720-97f6-eb4a905c5f73",
            "498ee94b-bdb6-4df1-b1f8-99d63caf275b",
            "3df8bf69-8220-4d3d-adbc-1b8225ce6482"
          ],
          "failures": [],
          "pending": [],
          "skipped": [],
          "duration": 4108,
          "root": false,
          "rootEmpty": false,
          "_timeout": 2000
        }
      ],
      "passes": [],
      "failures": [],
      "pending": [],
      "skipped": [],
      "duration": 0,
      "root": true,
      "rootEmpty": true,
      "_timeout": 2000
    }
  ],
  "meta": {
    "mocha": {
      "version": "7.0.1"
    },
    "mochawesome": {
      "options": {
        "quiet": false,
        "reportFilename": "mochawesome",
        "saveHtml": false,
        "saveJson": true,
        "consoleReporter": "spec",
        "useInlineDiffs": false,
        "code": true
      },
      "version": "7.1.3"
    },
    "marge": {
      "options": {
        "id": "default",
        "reportDir": "cypress/reports",
        "overwrite": false,
        "html": false,
        "json": true
      },
      "version": "6.2.0"
    }
  }
}