{
  "stats": {
    "suites": 1,
    "tests": 3,
    "passes": 3,
    "pending": 0,
    "failures": 0,
    "start": "2023-04-11T20:00:15.479Z",
    "end": "2023-04-11T20:00:18.653Z",
    "duration": 3174,
    "testsRegistered": 3,
    "passPercent": 100,
    "pendingPercent": 0,
    "other": 0,
    "hasOther": false,
    "skipped": 0,
    "hasSkipped": false
  },
  "results": [
    {
      "uuid": "7ac43107-a85f-4f4e-b871-d7fe3cf0c1cc",
      "title": "",
      "fullFile": "cypress/e2e/_requirements/02.Header.cy.js",
      "file": "cypress/e2e/_requirements/02.Header.cy.js",
      "beforeHooks": [],
      "afterHooks": [],
      "tests": [],
      "suites": [
        {
          "uuid": "c2c2912a-8966-4f24-823e-bb1ed46b13f1",
          "title": "2 - Crie um header para a página de carteira contendo as seguintes características:",
          "fullFile": "",
          "file": "",
          "beforeHooks": [],
          "afterHooks": [],
          "tests": [
            {
              "title": "Um elemento que exiba o email do usuário que fez login.",
              "fullTitle": "2 - Crie um header para a página de carteira contendo as seguintes características: Um elemento que exiba o email do usuário que fez login.",
              "timedOut": null,
              "duration": 972,
              "state": "passed",
              "speed": "fast",
              "pass": true,
              "fail": false,
              "pending": false,
              "context": null,
              "code": "cy.getByTestId(_constants.EMAIL_FIELD_TEST_ID).should('contain', _constants.VALID_EMAIL);",
              "err": {},
              "uuid": "b22b6b20-4ab9-4ee0-86fd-e0d5d277af16",
              "parentUUID": "c2c2912a-8966-4f24-823e-bb1ed46b13f1",
              "isHook": false,
              "skipped": false
            },
            {
              "title": "Crie um campo com a despesa total gerada pela lista de gastos.",
              "fullTitle": "2 - Crie um header para a página de carteira contendo as seguintes características: Crie um campo com a despesa total gerada pela lista de gastos.",
              "timedOut": null,
              "duration": 586,
              "state": "passed",
              "speed": "fast",
              "pass": true,
              "fail": false,
              "pending": false,
              "context": null,
              "code": "cy.getByTestId(_constants.TOTAL_FIELD_TEST_ID).should('contain', '0');",
              "err": {},
              "uuid": "facd018f-2f8d-4eab-ad7f-f2e4d952a648",
              "parentUUID": "c2c2912a-8966-4f24-823e-bb1ed46b13f1",
              "isHook": false,
              "skipped": false
            },
            {
              "title": "Crie um campo que mostre que qual câmbio está sendo utilizado, que será neste caso 'BRL'",
              "fullTitle": "2 - Crie um header para a página de carteira contendo as seguintes características: Crie um campo que mostre que qual câmbio está sendo utilizado, que será neste caso 'BRL'",
              "timedOut": null,
              "duration": 574,
              "state": "passed",
              "speed": "fast",
              "pass": true,
              "fail": false,
              "pending": false,
              "context": null,
              "code": "cy.getByTestId(_constants.HEADER_CURRENCY_FIELD_TEST_ID).should('contain', 'BRL');",
              "err": {},
              "uuid": "8566c5e4-f4cc-4c75-8c53-8e54984a6bda",
              "parentUUID": "c2c2912a-8966-4f24-823e-bb1ed46b13f1",
              "isHook": false,
              "skipped": false
            }
          ],
          "suites": [],
          "passes": [
            "b22b6b20-4ab9-4ee0-86fd-e0d5d277af16",
            "facd018f-2f8d-4eab-ad7f-f2e4d952a648",
            "8566c5e4-f4cc-4c75-8c53-8e54984a6bda"
          ],
          "failures": [],
          "pending": [],
          "skipped": [],
          "duration": 2132,
          "root": false,
          "rootEmpty": false,
          "_timeout": 2000
        }
      ],
      "passes": [],
      "failures": [],
      "pending": [],
      "skipped": [],
      "duration": 0,
      "root": true,
      "rootEmpty": true,
      "_timeout": 2000
    }
  ],
  "meta": {
    "mocha": {
      "version": "7.0.1"
    },
    "mochawesome": {
      "options": {
        "quiet": false,
        "reportFilename": "mochawesome",
        "saveHtml": false,
        "saveJson": true,
        "consoleReporter": "spec",
        "useInlineDiffs": false,
        "code": true
      },
      "version": "7.1.3"
    },
    "marge": {
      "options": {
        "id": "default",
        "reportDir": "cypress/reports",
        "overwrite": false,
        "html": false,
        "json": true
      },
      "version": "6.2.0"
    }
  }
}