{
  "stats": {
    "suites": 1,
    "tests": 6,
    "passes": 6,
    "pending": 0,
    "failures": 0,
    "start": "2023-04-14T20:50:19.755Z",
    "end": "2023-04-14T20:50:24.986Z",
    "duration": 5231,
    "testsRegistered": 6,
    "passPercent": 100,
    "pendingPercent": 0,
    "other": 0,
    "hasOther": false,
    "skipped": 0,
    "hasSkipped": false
  },
  "results": [
    {
      "uuid": "207fcbf6-4bd6-4cbb-a1a2-9102fe548cc6",
      "title": "",
      "fullFile": "cypress/e2e/_requirements/03.ExpensesForm.cy.js",
      "file": "cypress/e2e/_requirements/03.ExpensesForm.cy.js",
      "beforeHooks": [],
      "afterHooks": [],
      "tests": [],
      "suites": [
        {
          "uuid": "c8ddb409-ea8e-4502-827e-95615571bc56",
          "title": "3 - Desenvolva um formulário para adicionar uma despesa contendo as seguintes características:",
          "fullFile": "",
          "file": "",
          "beforeHooks": [],
          "afterHooks": [],
          "tests": [
            {
              "title": "Um campo para adicionar o valor da despesa",
              "fullTitle": "3 - Desenvolva um formulário para adicionar uma despesa contendo as seguintes características: Um campo para adicionar o valor da despesa",
              "timedOut": null,
              "duration": 951,
              "state": "passed",
              "speed": "fast",
              "pass": true,
              "fail": false,
              "pending": false,
              "context": null,
              "code": "cy.getByTestId(_constants.VALUE_INPUT_TEST_ID).should('exist');",
              "err": {},
              "uuid": "4033b89d-ddce-40c7-8687-7bee22026c2c",
              "parentUUID": "c8ddb409-ea8e-4502-827e-95615571bc56",
              "isHook": false,
              "skipped": false
            },
            {
              "title": "Um campo para adicionar a descrição da despesa",
              "fullTitle": "3 - Desenvolva um formulário para adicionar uma despesa contendo as seguintes características: Um campo para adicionar a descrição da despesa",
              "timedOut": null,
              "duration": 585,
              "state": "passed",
              "speed": "fast",
              "pass": true,
              "fail": false,
              "pending": false,
              "context": null,
              "code": "cy.getByTestId(_constants.DESCRIPTION_INPUT_TEST_ID).should('exist');",
              "err": {},
              "uuid": "270c3b30-0f90-4967-aff8-4d113d2d0018",
              "parentUUID": "c8ddb409-ea8e-4502-827e-95615571bc56",
              "isHook": false,
              "skipped": false
            },
            {
              "title": "Um campo para selecionar em qual moeda será registrada a despesa",
              "fullTitle": "3 - Desenvolva um formulário para adicionar uma despesa contendo as seguintes características: Um campo para selecionar em qual moeda será registrada a despesa",
              "timedOut": null,
              "duration": 701,
              "state": "passed",
              "speed": "fast",
              "pass": true,
              "fail": false,
              "pending": false,
              "context": null,
              "code": "cy.getByTestId(_constants.CURRENCY_INPUT_TEST_ID).find('option').should('have.length', _constants.currenciesOptions.length);\ncy.wrap(_constants.currenciesOptions).each(currency => {\n  cy.getByTestId(_constants.CURRENCY_INPUT_TEST_ID).contains('option', currency).should('exist');\n});",
              "err": {},
              "uuid": "2b2aaabd-5c45-45f9-b06e-dcc9f9a0dd20",
              "parentUUID": "c8ddb409-ea8e-4502-827e-95615571bc56",
              "isHook": false,
              "skipped": false
            },
            {
              "title": "A chave currencies no estado global deve ser um array de siglas puxadas através de uma requisição à API",
              "fullTitle": "3 - Desenvolva um formulário para adicionar uma despesa contendo as seguintes características: A chave currencies no estado global deve ser um array de siglas puxadas através de uma requisição à API",
              "timedOut": null,
              "duration": 573,
              "state": "passed",
              "speed": "fast",
              "pass": true,
              "fail": false,
              "pending": false,
              "context": null,
              "code": "cy.get('@mockFetch').should('be.calledWith', 'https://economia.awesomeapi.com.br/json/all');\ncy.window().its('store').invoke('getState').its('wallet.currencies').should('deep.equal', _constants.currenciesOptions);",
              "err": {},
              "uuid": "96a14554-3db8-4c0a-94e3-c1b2afab5f9e",
              "parentUUID": "c8ddb409-ea8e-4502-827e-95615571bc56",
              "isHook": false,
              "skipped": false
            },
            {
              "title": "Um campo para selecionar qual método de pagamento será utilizado",
              "fullTitle": "3 - Desenvolva um formulário para adicionar uma despesa contendo as seguintes características: Um campo para selecionar qual método de pagamento será utilizado",
              "timedOut": null,
              "duration": 617,
              "state": "passed",
              "speed": "fast",
              "pass": true,
              "fail": false,
              "pending": false,
              "context": null,
              "code": "cy.getByTestId(_constants.METHOD_INPUT_TEST_ID).find('option').should('have.length', _constants.methodOptions.length);\ncy.wrap(_constants.methodOptions).each(method => {\n  cy.getByTestId(_constants.METHOD_INPUT_TEST_ID).contains('option', method).should('exist');\n});",
              "err": {},
              "uuid": "356549ae-7c71-48f3-8e36-252b95d80025",
              "parentUUID": "c8ddb409-ea8e-4502-827e-95615571bc56",
              "isHook": false,
              "skipped": false
            },
            {
              "title": "Um campo para selecionar uma categoria (tag) para a despesa.",
              "fullTitle": "3 - Desenvolva um formulário para adicionar uma despesa contendo as seguintes características: Um campo para selecionar uma categoria (tag) para a despesa.",
              "timedOut": null,
              "duration": 690,
              "state": "passed",
              "speed": "fast",
              "pass": true,
              "fail": false,
              "pending": false,
              "context": null,
              "code": "cy.getByTestId(_constants.TAG_INPUT_TEST_ID).find('option').should('have.length', _constants.tagOptions.length);\ncy.wrap(_constants.tagOptions).each(tag => {\n  cy.getByTestId(_constants.TAG_INPUT_TEST_ID).contains('option', tag).should('exist');\n});",
              "err": {},
              "uuid": "c5165f24-7b49-40f1-a93f-84f428cb1107",
              "parentUUID": "c8ddb409-ea8e-4502-827e-95615571bc56",
              "isHook": false,
              "skipped": false
            }
          ],
          "suites": [],
          "passes": [
            "4033b89d-ddce-40c7-8687-7bee22026c2c",
            "270c3b30-0f90-4967-aff8-4d113d2d0018",
            "2b2aaabd-5c45-45f9-b06e-dcc9f9a0dd20",
            "96a14554-3db8-4c0a-94e3-c1b2afab5f9e",
            "356549ae-7c71-48f3-8e36-252b95d80025",
            "c5165f24-7b49-40f1-a93f-84f428cb1107"
          ],
          "failures": [],
          "pending": [],
          "skipped": [],
          "duration": 4117,
          "root": false,
          "rootEmpty": false,
          "_timeout": 2000
        }
      ],
      "passes": [],
      "failures": [],
      "pending": [],
      "skipped": [],
      "duration": 0,
      "root": true,
      "rootEmpty": true,
      "_timeout": 2000
    }
  ],
  "meta": {
    "mocha": {
      "version": "7.0.1"
    },
    "mochawesome": {
      "options": {
        "quiet": false,
        "reportFilename": "mochawesome",
        "saveHtml": false,
        "saveJson": true,
        "consoleReporter": "spec",
        "useInlineDiffs": false,
        "code": true
      },
      "version": "7.1.3"
    },
    "marge": {
      "options": {
        "id": "default",
        "reportDir": "cypress/reports",
        "overwrite": false,
        "html": false,
        "json": true
      },
      "version": "6.2.0"
    }
  }
}