{
  "stats": {
    "suites": 1,
    "tests": 3,
    "passes": 1,
    "pending": 0,
    "failures": 2,
    "start": "2023-04-12T18:35:44.817Z",
    "end": "2023-04-12T18:35:53.518Z",
    "duration": 8701,
    "testsRegistered": 3,
    "passPercent": 33.33333333333333,
    "pendingPercent": 0,
    "other": 0,
    "hasOther": false,
    "skipped": 0,
    "hasSkipped": false
  },
  "results": [
    {
      "uuid": "29d13ba4-98f4-48ee-bce4-fe52da0e38b6",
      "title": "",
      "fullFile": "cypress/e2e/_requirements/08.DeleteExpense.cy.js",
      "file": "cypress/e2e/_requirements/08.DeleteExpense.cy.js",
      "beforeHooks": [],
      "afterHooks": [],
      "tests": [],
      "suites": [
        {
          "uuid": "d71ba8cd-129a-47dc-9585-e9b96f2171e0",
          "title": "8 - Crie um botão para deletar uma despesa da tabela contendo as seguintes características:",
          "fullFile": "",
          "file": "",
          "beforeHooks": [],
          "afterHooks": [],
          "tests": [
            {
              "title": "O botão deve estar dentro do último item da linha da tabela e deve possuir `data-testid=\"delete-btn\"`",
              "fullTitle": "8 - Crie um botão para deletar uma despesa da tabela contendo as seguintes características: O botão deve estar dentro do último item da linha da tabela e deve possuir `data-testid=\"delete-btn\"`",
              "timedOut": null,
              "duration": 2786,
              "state": "passed",
              "speed": "fast",
              "pass": true,
              "fail": false,
              "pending": false,
              "context": null,
              "code": "cy.get('tbody tr').first().find('td').last().find(`button[data-testid=\"${_constants.BTN_DELETE_TEST_ID}\"]`).should('exist');\ncy.getByTestId(_constants.BTN_DELETE_TEST_ID).should('have.length', 2);",
              "err": {},
              "uuid": "ab8128c6-6e51-448c-98f9-368e40876eb3",
              "parentUUID": "d71ba8cd-129a-47dc-9585-e9b96f2171e0",
              "isHook": false,
              "skipped": false
            },
            {
              "title": "Ao ser clicado, o botão deleta a linha da tabela, alterando o estado global.",
              "fullTitle": "8 - Crie um botão para deletar uma despesa da tabela contendo as seguintes características: Ao ser clicado, o botão deleta a linha da tabela, alterando o estado global.",
              "timedOut": null,
              "duration": 2367,
              "state": "failed",
              "speed": null,
              "pass": false,
              "fail": true,
              "pending": false,
              "context": null,
              "code": "const expectedTableRow = ['Cinco euros', 'Lazer', 'Cartão de crédito', '5.00', 'Euro/Real Brasileiro', '5.13', '25.63', 'Real'];\ncy.getByTestId(_constants.BTN_DELETE_TEST_ID).first().click().should('not.exist');\nconst deleteBtn = 1;\ncy.get('tbody tr td').should('have.length', expectedTableRow.length + deleteBtn);\ncy.wrap(expectedTableRow).each(expectedValue => {\n  cy.get('tbody tr td').contains(expectedValue);\n});\nconst expectedExpenses = [_objectSpread(_objectSpread({}, _constants.initialExpenses[1]), {}, {\n  id: 1,\n  exchangeRates: _data.mockData\n})];\ncy.window().its('store').invoke('getState').its('wallet.expenses').should('deep.equal', expectedExpenses);",
              "err": {
                "message": "ReferenceError: The following error originated from your application code, not from Cypress.\n\n  > expenses is not defined\n\nWhen Cypress detects uncaught errors originating from your application it will automatically fail the current test.\n\nThis behavior is configurable, and you can choose to turn this off by listening to the `uncaught:exception` event.\n\nhttps://on.cypress.io/uncaught-exception-from-application",
                "estack": "ReferenceError: The following error originated from your application code, not from Cypress.\n\n  > expenses is not defined\n\nWhen Cypress detects uncaught errors originating from your application it will automatically fail the current test.\n\nThis behavior is configurable, and you can choose to turn this off by listening to the `uncaught:exception` event.\n\nhttps://on.cypress.io/uncaught-exception-from-application\n    at wallet (http://localhost:3000/static/js/bundle.js:1388:19)\n    at combination (http://localhost:3000/static/js/bundle.js:44867:29)\n    at dispatch (http://localhost:3000/static/js/bundle.js:44628:22)\n    at Table.deleteAnExpense (http://localhost:3000/static/js/bundle.js:247:7)\n    at onClick (http://localhost:3000/static/js/bundle.js:405:40)\n    at HTMLUnknownElement.callCallback (http://localhost:3000/static/js/bundle.js:14935:18)\n    at Object.invokeGuardedCallbackDev (http://localhost:3000/static/js/bundle.js:14979:20)\n    at invokeGuardedCallback (http://localhost:3000/static/js/bundle.js:15036:35)\n    at invokeGuardedCallbackAndCatchFirstError (http://localhost:3000/static/js/bundle.js:15050:29)\n    at executeDispatch (http://localhost:3000/static/js/bundle.js:19194:7)",
                "diff": null
              },
              "uuid": "a7fcbd9f-e707-4bb3-86ce-a6a157fdec34",
              "parentUUID": "d71ba8cd-129a-47dc-9585-e9b96f2171e0",
              "isHook": false,
              "skipped": false
            },
            {
              "title": "Ao clicar no botão para remover uma despesa, o valor correspondente deve ser subtraído e a despesa total deve ser atualizada no header",
              "fullTitle": "8 - Crie um botão para deletar uma despesa da tabela contendo as seguintes características: Ao clicar no botão para remover uma despesa, o valor correspondente deve ser subtraído e a despesa total deve ser atualizada no header",
              "timedOut": null,
              "duration": 2405,
              "state": "failed",
              "speed": null,
              "pass": false,
              "fail": true,
              "pending": false,
              "context": null,
              "code": "cy.getByTestId(_constants.TOTAL_FIELD_TEST_ID).should('have.text', '73.16');\ncy.getByTestId(_constants.BTN_DELETE_TEST_ID).first().click();\ncy.getByTestId(_constants.TOTAL_FIELD_TEST_ID).should('have.text', '25.63');\ncy.getByTestId(_constants.BTN_DELETE_TEST_ID).first().click();\ncy.getByTestId(_constants.TOTAL_FIELD_TEST_ID).should('have.text', '0.00');",
              "err": {
                "message": "ReferenceError: The following error originated from your application code, not from Cypress.\n\n  > expenses is not defined\n\nWhen Cypress detects uncaught errors originating from your application it will automatically fail the current test.\n\nThis behavior is configurable, and you can choose to turn this off by listening to the `uncaught:exception` event.\n\nhttps://on.cypress.io/uncaught-exception-from-application",
                "estack": "ReferenceError: The following error originated from your application code, not from Cypress.\n\n  > expenses is not defined\n\nWhen Cypress detects uncaught errors originating from your application it will automatically fail the current test.\n\nThis behavior is configurable, and you can choose to turn this off by listening to the `uncaught:exception` event.\n\nhttps://on.cypress.io/uncaught-exception-from-application\n    at wallet (http://localhost:3000/static/js/bundle.js:1388:19)\n    at combination (http://localhost:3000/static/js/bundle.js:44867:29)\n    at dispatch (http://localhost:3000/static/js/bundle.js:44628:22)\n    at Table.deleteAnExpense (http://localhost:3000/static/js/bundle.js:247:7)\n    at onClick (http://localhost:3000/static/js/bundle.js:405:40)\n    at HTMLUnknownElement.callCallback (http://localhost:3000/static/js/bundle.js:14935:18)\n    at Object.invokeGuardedCallbackDev (http://localhost:3000/static/js/bundle.js:14979:20)\n    at invokeGuardedCallback (http://localhost:3000/static/js/bundle.js:15036:35)\n    at invokeGuardedCallbackAndCatchFirstError (http://localhost:3000/static/js/bundle.js:15050:29)\n    at executeDispatch (http://localhost:3000/static/js/bundle.js:19194:7)",
                "diff": null
              },
              "uuid": "5fe54710-8ab6-4f69-b612-ef386fa19915",
              "parentUUID": "d71ba8cd-129a-47dc-9585-e9b96f2171e0",
              "isHook": false,
              "skipped": false
            }
          ],
          "suites": [],
          "passes": [
            "ab8128c6-6e51-448c-98f9-368e40876eb3"
          ],
          "failures": [
            "a7fcbd9f-e707-4bb3-86ce-a6a157fdec34",
            "5fe54710-8ab6-4f69-b612-ef386fa19915"
          ],
          "pending": [],
          "skipped": [],
          "duration": 7558,
          "root": false,
          "rootEmpty": false,
          "_timeout": 2000
        }
      ],
      "passes": [],
      "failures": [],
      "pending": [],
      "skipped": [],
      "duration": 0,
      "root": true,
      "rootEmpty": true,
      "_timeout": 2000
    }
  ],
  "meta": {
    "mocha": {
      "version": "7.0.1"
    },
    "mochawesome": {
      "options": {
        "quiet": false,
        "reportFilename": "mochawesome",
        "saveHtml": false,
        "saveJson": true,
        "consoleReporter": "spec",
        "useInlineDiffs": false,
        "code": true
      },
      "version": "7.1.3"
    },
    "marge": {
      "options": {
        "id": "default",
        "reportDir": "cypress/reports",
        "overwrite": false,
        "html": false,
        "json": true
      },
      "version": "6.2.0"
    }
  }
}