{
  "stats": {
    "suites": 1,
    "tests": 4,
    "passes": 0,
    "pending": 0,
    "failures": 4,
    "start": "2023-04-12T18:53:14.371Z",
    "end": "2023-04-12T18:53:14.512Z",
    "duration": 141,
    "testsRegistered": 4,
    "passPercent": 0,
    "pendingPercent": 0,
    "other": 0,
    "hasOther": false,
    "skipped": 0,
    "hasSkipped": false
  },
  "results": [
    {
      "uuid": "01c37d1e-f68a-4f9d-88dc-823646d1342b",
      "title": "",
      "fullFile": "cypress/e2e/_requirements/10.TestCoverage.cy.js",
      "file": "cypress/e2e/_requirements/10.TestCoverage.cy.js",
      "beforeHooks": [],
      "afterHooks": [],
      "tests": [],
      "suites": [
        {
          "uuid": "09945019-7c56-4ddc-abb2-4eb2c1507535",
          "title": "10 - Desenvolva testes para atingir 90% de cobertura total da aplicação",
          "fullFile": "",
          "file": "",
          "beforeHooks": [],
          "afterHooks": [],
          "tests": [
            {
              "title": "Cobertura de \"Statements\" total deverá ser maior ou igual a 90.",
              "fullTitle": "10 - Desenvolva testes para atingir 90% de cobertura total da aplicação Cobertura de \"Statements\" total deverá ser maior ou igual a 90.",
              "timedOut": null,
              "duration": 29,
              "state": "failed",
              "speed": null,
              "pass": false,
              "fail": true,
              "pending": false,
              "context": null,
              "code": "cy.task('getCoverage', (0, _getId.getId)()).its('total.statements.pct', {\n  timeout: 0\n}).should('be.gte', 90.00);",
              "err": {
                "message": "AssertionError: Timed out retrying after 0ms: expected 77.77 to be at least 90",
                "estack": "AssertionError: Timed out retrying after 0ms: expected 77.77 to be at least 90\n    at Context.eval (webpack:///./cypress/e2e/_requirements/10.TestCoverage.cy.js:5:80)",
                "diff": "- 77.77\n+ 90\n"
              },
              "uuid": "88363779-f24c-43d9-8d36-655e85dd085d",
              "parentUUID": "09945019-7c56-4ddc-abb2-4eb2c1507535",
              "isHook": false,
              "skipped": false
            },
            {
              "title": "Cobertura de \"Functions\" total deverá ser maior ou igual a 90.",
              "fullTitle": "10 - Desenvolva testes para atingir 90% de cobertura total da aplicação Cobertura de \"Functions\" total deverá ser maior ou igual a 90.",
              "timedOut": null,
              "duration": 14,
              "state": "failed",
              "speed": null,
              "pass": false,
              "fail": true,
              "pending": false,
              "context": null,
              "code": "cy.task('getCoverage', (0, _getId.getId)()).its('total.functions.pct', {\n  timeout: 0\n}).should('be.gte', 90.00);",
              "err": {
                "message": "AssertionError: Timed out retrying after 0ms: expected 67.74 to be at least 90",
                "estack": "AssertionError: Timed out retrying after 0ms: expected 67.74 to be at least 90\n    at Context.eval (webpack:///./cypress/e2e/_requirements/10.TestCoverage.cy.js:9:79)",
                "diff": "- 67.74\n+ 90\n"
              },
              "uuid": "5c0d53bb-1f9f-409f-8d67-0d7b852326de",
              "parentUUID": "09945019-7c56-4ddc-abb2-4eb2c1507535",
              "isHook": false,
              "skipped": false
            },
            {
              "title": "Cobertura de \"Branches\" total deverá ser maior ou igual a 90.",
              "fullTitle": "10 - Desenvolva testes para atingir 90% de cobertura total da aplicação Cobertura de \"Branches\" total deverá ser maior ou igual a 90.",
              "timedOut": null,
              "duration": 11,
              "state": "failed",
              "speed": null,
              "pass": false,
              "fail": true,
              "pending": false,
              "context": null,
              "code": "cy.task('getCoverage', (0, _getId.getId)()).its('total.branches.pct', {\n  timeout: 0\n}).should('be.gte', 90.00);",
              "err": {
                "message": "AssertionError: Timed out retrying after 0ms: expected 80 to be at least 90",
                "estack": "AssertionError: Timed out retrying after 0ms: expected 80 to be at least 90\n    at Context.eval (webpack:///./cypress/e2e/_requirements/10.TestCoverage.cy.js:13:78)",
                "diff": "- 80\n+ 90\n"
              },
              "uuid": "4eba8d15-49f7-4fbd-ae92-247351a2de67",
              "parentUUID": "09945019-7c56-4ddc-abb2-4eb2c1507535",
              "isHook": false,
              "skipped": false
            },
            {
              "title": "Cobertura de \"Lines\" total deverá ser maior ou igual a 90.",
              "fullTitle": "10 - Desenvolva testes para atingir 90% de cobertura total da aplicação Cobertura de \"Lines\" total deverá ser maior ou igual a 90.",
              "timedOut": null,
              "duration": 12,
              "state": "failed",
              "speed": null,
              "pass": false,
              "fail": true,
              "pending": false,
              "context": null,
              "code": "cy.task('getCoverage', (0, _getId.getId)()).its('total.lines.pct', {\n  timeout: 0\n}).should('be.gte', 90.00);",
              "err": {
                "message": "AssertionError: Timed out retrying after 0ms: expected 78.88 to be at least 90",
                "estack": "AssertionError: Timed out retrying after 0ms: expected 78.88 to be at least 90\n    at Context.eval (webpack:///./cypress/e2e/_requirements/10.TestCoverage.cy.js:17:75)",
                "diff": "- 78.88\n+ 90\n"
              },
              "uuid": "73fcd59f-aef5-4b81-9bda-2dda71f9971a",
              "parentUUID": "09945019-7c56-4ddc-abb2-4eb2c1507535",
              "isHook": false,
              "skipped": false
            }
          ],
          "suites": [],
          "passes": [],
          "failures": [
            "88363779-f24c-43d9-8d36-655e85dd085d",
            "5c0d53bb-1f9f-409f-8d67-0d7b852326de",
            "4eba8d15-49f7-4fbd-ae92-247351a2de67",
            "73fcd59f-aef5-4b81-9bda-2dda71f9971a"
          ],
          "pending": [],
          "skipped": [],
          "duration": 66,
          "root": false,
          "rootEmpty": false,
          "_timeout": 2000
        }
      ],
      "passes": [],
      "failures": [],
      "pending": [],
      "skipped": [],
      "duration": 0,
      "root": true,
      "rootEmpty": true,
      "_timeout": 2000
    }
  ],
  "meta": {
    "mocha": {
      "version": "7.0.1"
    },
    "mochawesome": {
      "options": {
        "quiet": false,
        "reportFilename": "mochawesome",
        "saveHtml": false,
        "saveJson": true,
        "consoleReporter": "spec",
        "useInlineDiffs": false,
        "code": true
      },
      "version": "7.1.3"
    },
    "marge": {
      "options": {
        "id": "default",
        "reportDir": "cypress/reports",
        "overwrite": false,
        "html": false,
        "json": true
      },
      "version": "6.2.0"
    }
  }
}