{
  "stats": {
    "suites": 1,
    "tests": 1,
    "passes": 0,
    "pending": 0,
    "failures": 1,
    "start": "2023-04-11T23:26:34.194Z",
    "end": "2023-04-11T23:26:46.292Z",
    "duration": 12098,
    "testsRegistered": 1,
    "passPercent": 0,
    "pendingPercent": 0,
    "other": 0,
    "hasOther": false,
    "skipped": 0,
    "hasSkipped": false
  },
  "results": [
    {
      "uuid": "8566f501-da84-4d66-9fe0-25ba92d342ca",
      "title": "",
      "fullFile": "cypress/e2e/_requirements/06.ExpensesTable.cy.js",
      "file": "cypress/e2e/_requirements/06.ExpensesTable.cy.js",
      "beforeHooks": [],
      "afterHooks": [],
      "tests": [],
      "suites": [
        {
          "uuid": "95074388-a8cf-4b1f-8d29-42955140e53c",
          "title": "6 - Desenvolva uma tabela com os gastos contendo as seguintes características:",
          "fullFile": "",
          "file": "",
          "beforeHooks": [],
          "afterHooks": [],
          "tests": [
            {
              "title": "A tabela deve possuir um cabeçalho com os campos Descrição, Tag, Método de pagamento, Valor, Moeda, Câmbio utilizado, Valor convertido e Moeda de conversão",
              "fullTitle": "6 - Desenvolva uma tabela com os gastos contendo as seguintes características: A tabela deve possuir um cabeçalho com os campos Descrição, Tag, Método de pagamento, Valor, Moeda, Câmbio utilizado, Valor convertido e Moeda de conversão",
              "timedOut": null,
              "duration": 10976,
              "state": "failed",
              "speed": null,
              "pass": false,
              "fail": true,
              "pending": false,
              "context": null,
              "code": "cy.get('th').should('have.length', _constants.tableHeaderList.length);\ncy.wrap(_constants.tableHeaderList).each(header => {\n  cy.get('th').contains(header);\n});",
              "err": {
                "message": "AssertionError: Timed out retrying after 10000ms: Expected to find element: `th`, but never found it.",
                "estack": "AssertionError: Timed out retrying after 10000ms: Expected to find element: `th`, but never found it.\n    at Context.eval (webpack:///./cypress/e2e/_requirements/06.ExpensesTable.cy.js:19:17)",
                "diff": null
              },
              "uuid": "415abb20-96e4-4883-8bb8-4bd925a41d14",
              "parentUUID": "95074388-a8cf-4b1f-8d29-42955140e53c",
              "isHook": false,
              "skipped": false
            }
          ],
          "suites": [],
          "passes": [],
          "failures": [
            "415abb20-96e4-4883-8bb8-4bd925a41d14"
          ],
          "pending": [],
          "skipped": [],
          "duration": 10976,
          "root": false,
          "rootEmpty": false,
          "_timeout": 2000
        }
      ],
      "passes": [],
      "failures": [],
      "pending": [],
      "skipped": [],
      "duration": 0,
      "root": true,
      "rootEmpty": true,
      "_timeout": 2000
    }
  ],
  "meta": {
    "mocha": {
      "version": "7.0.1"
    },
    "mochawesome": {
      "options": {
        "quiet": false,
        "reportFilename": "mochawesome",
        "saveHtml": false,
        "saveJson": true,
        "consoleReporter": "spec",
        "useInlineDiffs": false,
        "code": true
      },
      "version": "7.1.3"
    },
    "marge": {
      "options": {
        "id": "default",
        "reportDir": "cypress/reports",
        "overwrite": false,
        "html": false,
        "json": true
      },
      "version": "6.2.0"
    }
  }
}