{"/home/guilherme/Área de Trabalho/projeto-trybe-wallet/sd-029-b-project-trybewallet/src/App.js": {"path":"/home/guilherme/Área de Trabalho/projeto-trybe-wallet/sd-029-b-project-trybewallet/src/App.js","statementMap":{"0":{"start":{"line":8,"column":4},"end":{"line":13,"column":6}}},"fnMap":{"0":{"name":"(anonymous_0)","decl":{"start":{"line":7,"column":2},"end":{"line":7,"column":3}},"loc":{"start":{"line":7,"column":11},"end":{"line":14,"column":3}},"line":7}},"branchMap":{},"s":{"0":1},"f":{"0":1},"b":{},"_coverageSchema":"1a1c01bbd47fc00a2c39e90264f33305004495a9","hash":"c0843c82abd1a637e4fcdb787c6d69f67a13c2f6"}
,"/home/guilherme/Área de Trabalho/projeto-trybe-wallet/sd-029-b-project-trybewallet/src/components/Header.js": {"path":"/home/guilherme/Área de Trabalho/projeto-trybe-wallet/sd-029-b-project-trybewallet/src/components/Header.js","statementMap":{"0":{"start":{"line":7,"column":32},"end":{"line":7,"column":42}},"1":{"start":{"line":8,"column":24},"end":{"line":13,"column":9}},"2":{"start":{"line":9,"column":31},"end":{"line":10,"column":58}},"3":{"start":{"line":10,"column":28},"end":{"line":10,"column":57}},"4":{"start":{"line":11,"column":22},"end":{"line":11,"column":41}},"5":{"start":{"line":12,"column":6},"end":{"line":12,"column":52}},"6":{"start":{"line":14,"column":4},"end":{"line":26,"column":6}},"7":{"start":{"line":30,"column":24},"end":{"line":33,"column":2}},"8":{"start":{"line":30,"column":36},"end":{"line":33,"column":1}},"9":{"start":{"line":35,"column":0},"end":{"line":37,"column":13}}},"fnMap":{"0":{"name":"(anonymous_0)","decl":{"start":{"line":6,"column":2},"end":{"line":6,"column":3}},"loc":{"start":{"line":6,"column":11},"end":{"line":27,"column":3}},"line":6},"1":{"name":"(anonymous_1)","decl":{"start":{"line":8,"column":40},"end":{"line":8,"column":41}},"loc":{"start":{"line":8,"column":55},"end":{"line":13,"column":5}},"line":8},"2":{"name":"(anonymous_2)","decl":{"start":{"line":10,"column":14},"end":{"line":10,"column":15}},"loc":{"start":{"line":10,"column":28},"end":{"line":10,"column":57}},"line":10},"3":{"name":"(anonymous_3)","decl":{"start":{"line":30,"column":24},"end":{"line":30,"column":25}},"loc":{"start":{"line":30,"column":36},"end":{"line":33,"column":1}},"line":30}},"branchMap":{},"s":{"0":2,"1":2,"2":0,"3":0,"4":0,"5":0,"6":2,"7":1,"8":2,"9":1},"f":{"0":2,"1":0,"2":0,"3":2},"b":{},"_coverageSchema":"1a1c01bbd47fc00a2c39e90264f33305004495a9","hash":"fb9d18cb75655bad6770582a2dca7a016a1c9caf"}
,"/home/guilherme/Área de Trabalho/projeto-trybe-wallet/sd-029-b-project-trybewallet/src/components/Table.js": {"path":"/home/guilherme/Área de Trabalho/projeto-trybe-wallet/sd-029-b-project-trybewallet/src/components/Table.js","statementMap":{"0":{"start":{"line":7,"column":19},"end":{"line":10,"column":3}},"1":{"start":{"line":8,"column":25},"end":{"line":8,"column":35}},"2":{"start":{"line":9,"column":4},"end":{"line":9,"column":37}},"3":{"start":{"line":12,"column":20},"end":{"line":15,"column":3}},"4":{"start":{"line":13,"column":25},"end":{"line":13,"column":35}},"5":{"start":{"line":14,"column":4},"end":{"line":14,"column":45}},"6":{"start":{"line":18,"column":25},"end":{"line":18,"column":35}},"7":{"start":{"line":20,"column":4},"end":{"line":84,"column":6}},"8":{"start":{"line":45,"column":16},"end":{"line":45,"column":23}},"9":{"start":{"line":47,"column":35},"end":{"line":49,"column":24}},"10":{"start":{"line":50,"column":12},"end":{"line":50,"column":28}},"11":{"start":{"line":52,"column":12},"end":{"line":80,"column":14}},"12":{"start":{"line":66,"column":36},"end":{"line":66,"column":65}},"13":{"start":{"line":73,"column":41},"end":{"line":73,"column":67}},"14":{"start":{"line":88,"column":0},"end":{"line":92,"column":13}},"15":{"start":{"line":94,"column":24},"end":{"line":96,"column":2}},"16":{"start":{"line":94,"column":36},"end":{"line":96,"column":1}}},"fnMap":{"0":{"name":"(anonymous_0)","decl":{"start":{"line":7,"column":19},"end":{"line":7,"column":20}},"loc":{"start":{"line":7,"column":35},"end":{"line":10,"column":3}},"line":7},"1":{"name":"(anonymous_1)","decl":{"start":{"line":12,"column":20},"end":{"line":12,"column":21}},"loc":{"start":{"line":12,"column":39},"end":{"line":15,"column":3}},"line":12},"2":{"name":"(anonymous_2)","decl":{"start":{"line":17,"column":2},"end":{"line":17,"column":3}},"loc":{"start":{"line":17,"column":11},"end":{"line":85,"column":3}},"line":17},"3":{"name":"(anonymous_3)","decl":{"start":{"line":36,"column":24},"end":{"line":36,"column":25}},"loc":{"start":{"line":36,"column":37},"end":{"line":81,"column":11}},"line":36},"4":{"name":"(anonymous_4)","decl":{"start":{"line":66,"column":30},"end":{"line":66,"column":31}},"loc":{"start":{"line":66,"column":36},"end":{"line":66,"column":65}},"line":66},"5":{"name":"(anonymous_5)","decl":{"start":{"line":73,"column":30},"end":{"line":73,"column":31}},"loc":{"start":{"line":73,"column":41},"end":{"line":73,"column":67}},"line":73},"6":{"name":"(anonymous_6)","decl":{"start":{"line":94,"column":24},"end":{"line":94,"column":25}},"loc":{"start":{"line":94,"column":36},"end":{"line":96,"column":1}},"line":94}},"branchMap":{},"s":{"0":2,"1":0,"2":0,"3":2,"4":0,"5":0,"6":2,"7":2,"8":0,"9":0,"10":0,"11":0,"12":0,"13":0,"14":1,"15":1,"16":2},"f":{"0":0,"1":0,"2":2,"3":0,"4":0,"5":0,"6":2},"b":{},"_coverageSchema":"1a1c01bbd47fc00a2c39e90264f33305004495a9","hash":"dc57d050a9627de34eaa46c98d02695ffb127ba2"}
,"/home/guilherme/Área de Trabalho/projeto-trybe-wallet/sd-029-b-project-trybewallet/src/components/WalletForm.js": {"path":"/home/guilherme/Área de Trabalho/projeto-trybe-wallet/sd-029-b-project-trybewallet/src/components/WalletForm.js","statementMap":{"0":{"start":{"line":7,"column":10},"end":{"line":15,"column":3}},"1":{"start":{"line":18,"column":25},"end":{"line":18,"column":35}},"2":{"start":{"line":19,"column":24},"end":{"line":19,"column":52}},"3":{"start":{"line":20,"column":4},"end":{"line":20,"column":41}},"4":{"start":{"line":24,"column":46},"end":{"line":24,"column":56}},"5":{"start":{"line":25,"column":4},"end":{"line":31,"column":5}},"6":{"start":{"line":26,"column":28},"end":{"line":27,"column":67}},"7":{"start":{"line":27,"column":27},"end":{"line":27,"column":66}},"8":{"start":{"line":28,"column":6},"end":{"line":30,"column":9}},"9":{"start":{"line":34,"column":20},"end":{"line":39,"column":3}},"10":{"start":{"line":35,"column":21},"end":{"line":35,"column":79}},"11":{"start":{"line":36,"column":17},"end":{"line":36,"column":38}},"12":{"start":{"line":37,"column":4},"end":{"line":37,"column":21}},"13":{"start":{"line":38,"column":4},"end":{"line":38,"column":16}},"14":{"start":{"line":41,"column":15},"end":{"line":48,"column":3}},"15":{"start":{"line":42,"column":35},"end":{"line":42,"column":45}},"16":{"start":{"line":43,"column":24},"end":{"line":46,"column":5}},"17":{"start":{"line":47,"column":4},"end":{"line":47,"column":44}},"18":{"start":{"line":50,"column":20},"end":{"line":55,"column":3}},"19":{"start":{"line":51,"column":28},"end":{"line":51,"column":34}},"20":{"start":{"line":52,"column":4},"end":{"line":54,"column":7}},"21":{"start":{"line":57,"column":16},"end":{"line":71,"column":3}},"22":{"start":{"line":58,"column":25},"end":{"line":58,"column":35}},"23":{"start":{"line":59,"column":26},"end":{"line":59,"column":54}},"24":{"start":{"line":60,"column":4},"end":{"line":70,"column":7}},"25":{"start":{"line":63,"column":6},"end":{"line":63,"column":43}},"26":{"start":{"line":64,"column":21},"end":{"line":64,"column":31}},"27":{"start":{"line":65,"column":6},"end":{"line":69,"column":9}},"28":{"start":{"line":74,"column":58},"end":{"line":74,"column":68}},"29":{"start":{"line":75,"column":38},"end":{"line":75,"column":48}},"30":{"start":{"line":76,"column":4},"end":{"line":161,"column":6}},"31":{"start":{"line":109,"column":16},"end":{"line":109,"column":64}},"32":{"start":{"line":149,"column":12},"end":{"line":153,"column":13}},"33":{"start":{"line":150,"column":14},"end":{"line":150,"column":33}},"34":{"start":{"line":152,"column":14},"end":{"line":152,"column":42}},"35":{"start":{"line":165,"column":24},"end":{"line":170,"column":2}},"36":{"start":{"line":165,"column":36},"end":{"line":170,"column":1}},"37":{"start":{"line":172,"column":0},"end":{"line":174,"column":13}}},"fnMap":{"0":{"name":"(anonymous_0)","decl":{"start":{"line":17,"column":2},"end":{"line":17,"column":3}},"loc":{"start":{"line":17,"column":28},"end":{"line":21,"column":3}},"line":17},"1":{"name":"(anonymous_1)","decl":{"start":{"line":23,"column":2},"end":{"line":23,"column":3}},"loc":{"start":{"line":23,"column":27},"end":{"line":32,"column":3}},"line":23},"2":{"name":"(anonymous_2)","decl":{"start":{"line":27,"column":14},"end":{"line":27,"column":15}},"loc":{"start":{"line":27,"column":27},"end":{"line":27,"column":66}},"line":27},"3":{"name":"(anonymous_3)","decl":{"start":{"line":34,"column":20},"end":{"line":34,"column":21}},"loc":{"start":{"line":34,"column":32},"end":{"line":39,"column":3}},"line":34},"4":{"name":"(anonymous_4)","decl":{"start":{"line":41,"column":15},"end":{"line":41,"column":16}},"loc":{"start":{"line":41,"column":26},"end":{"line":48,"column":3}},"line":41},"5":{"name":"(anonymous_5)","decl":{"start":{"line":50,"column":20},"end":{"line":50,"column":21}},"loc":{"start":{"line":50,"column":36},"end":{"line":55,"column":3}},"line":50},"6":{"name":"(anonymous_6)","decl":{"start":{"line":57,"column":16},"end":{"line":57,"column":17}},"loc":{"start":{"line":57,"column":28},"end":{"line":71,"column":3}},"line":57},"7":{"name":"(anonymous_7)","decl":{"start":{"line":62,"column":7},"end":{"line":62,"column":8}},"loc":{"start":{"line":62,"column":13},"end":{"line":70,"column":5}},"line":62},"8":{"name":"(anonymous_8)","decl":{"start":{"line":73,"column":2},"end":{"line":73,"column":3}},"loc":{"start":{"line":73,"column":11},"end":{"line":162,"column":3}},"line":73},"9":{"name":"(anonymous_9)","decl":{"start":{"line":108,"column":29},"end":{"line":108,"column":30}},"loc":{"start":{"line":109,"column":16},"end":{"line":109,"column":64}},"line":109},"10":{"name":"(anonymous_10)","decl":{"start":{"line":148,"column":20},"end":{"line":148,"column":21}},"loc":{"start":{"line":148,"column":26},"end":{"line":154,"column":11}},"line":148},"11":{"name":"(anonymous_11)","decl":{"start":{"line":165,"column":24},"end":{"line":165,"column":25}},"loc":{"start":{"line":165,"column":36},"end":{"line":170,"column":1}},"line":165}},"branchMap":{"0":{"loc":{"start":{"line":25,"column":4},"end":{"line":31,"column":5}},"type":"if","locations":[{"start":{"line":25,"column":4},"end":{"line":31,"column":5}},{"start":{},"end":{}}],"line":25},"1":{"loc":{"start":{"line":25,"column":8},"end":{"line":25,"column":47}},"type":"binary-expr","locations":[{"start":{"line":25,"column":8},"end":{"line":25,"column":34}},{"start":{"line":25,"column":38},"end":{"line":25,"column":47}}],"line":25},"2":{"loc":{"start":{"line":149,"column":12},"end":{"line":153,"column":13}},"type":"if","locations":[{"start":{"line":149,"column":12},"end":{"line":153,"column":13}},{"start":{"line":151,"column":19},"end":{"line":153,"column":13}}],"line":149},"3":{"loc":{"start":{"line":157,"column":12},"end":{"line":157,"column":62}},"type":"cond-expr","locations":[{"start":{"line":157,"column":24},"end":{"line":157,"column":40}},{"start":{"line":157,"column":43},"end":{"line":157,"column":62}}],"line":157}},"s":{"0":2,"1":2,"2":2,"3":0,"4":9,"5":9,"6":0,"7":0,"8":0,"9":2,"10":3,"11":0,"12":0,"13":0,"14":2,"15":0,"16":0,"17":0,"18":2,"19":9,"20":9,"21":2,"22":1,"23":1,"24":0,"25":0,"26":0,"27":0,"28":11,"29":11,"30":11,"31":0,"32":1,"33":1,"34":0,"35":1,"36":2,"37":1},"f":{"0":2,"1":9,"2":0,"3":3,"4":0,"5":9,"6":1,"7":0,"8":11,"9":0,"10":1,"11":2},"b":{"0":[0,9],"1":[9,0],"2":[1,0],"3":[0,11]},"_coverageSchema":"1a1c01bbd47fc00a2c39e90264f33305004495a9","hash":"359749d4ec8351ab802ab5392ab9b4b3beed9f84"}
,"/home/guilherme/Área de Trabalho/projeto-trybe-wallet/sd-029-b-project-trybewallet/src/pages/Login.js": {"path":"/home/guilherme/Área de Trabalho/projeto-trybe-wallet/sd-029-b-project-trybewallet/src/pages/Login.js","statementMap":{"0":{"start":{"line":7,"column":10},"end":{"line":11,"column":3}},"1":{"start":{"line":13,"column":17},"end":{"line":18,"column":3}},"2":{"start":{"line":14,"column":28},"end":{"line":14,"column":34}},"3":{"start":{"line":15,"column":4},"end":{"line":17,"column":25}},"4":{"start":{"line":20,"column":16},"end":{"line":27,"column":3}},"5":{"start":{"line":21,"column":32},"end":{"line":21,"column":42}},"6":{"start":{"line":22,"column":18},"end":{"line":22,"column":32}},"7":{"start":{"line":23,"column":25},"end":{"line":23,"column":26}},"8":{"start":{"line":24,"column":24},"end":{"line":24,"column":41}},"9":{"start":{"line":25,"column":27},"end":{"line":25,"column":58}},"10":{"start":{"line":26,"column":4},"end":{"line":26,"column":68}},"11":{"start":{"line":29,"column":16},"end":{"line":34,"column":3}},"12":{"start":{"line":30,"column":34},"end":{"line":30,"column":44}},"13":{"start":{"line":31,"column":22},"end":{"line":31,"column":32}},"14":{"start":{"line":32,"column":4},"end":{"line":32,"column":42}},"15":{"start":{"line":33,"column":4},"end":{"line":33,"column":30}},"16":{"start":{"line":37,"column":44},"end":{"line":37,"column":54}},"17":{"start":{"line":38,"column":4},"end":{"line":60,"column":6}},"18":{"start":{"line":64,"column":0},"end":{"line":69,"column":2}}},"fnMap":{"0":{"name":"(anonymous_0)","decl":{"start":{"line":13,"column":17},"end":{"line":13,"column":18}},"loc":{"start":{"line":13,"column":33},"end":{"line":18,"column":3}},"line":13},"1":{"name":"(anonymous_1)","decl":{"start":{"line":20,"column":16},"end":{"line":20,"column":17}},"loc":{"start":{"line":20,"column":22},"end":{"line":27,"column":3}},"line":20},"2":{"name":"(anonymous_2)","decl":{"start":{"line":29,"column":16},"end":{"line":29,"column":17}},"loc":{"start":{"line":29,"column":22},"end":{"line":34,"column":3}},"line":29},"3":{"name":"(anonymous_3)","decl":{"start":{"line":36,"column":2},"end":{"line":36,"column":3}},"loc":{"start":{"line":36,"column":11},"end":{"line":61,"column":3}},"line":36}},"branchMap":{"0":{"loc":{"start":{"line":26,"column":34},"end":{"line":26,"column":63}},"type":"binary-expr","locations":[{"start":{"line":26,"column":34},"end":{"line":26,"column":45}},{"start":{"line":26,"column":49},"end":{"line":26,"column":63}}],"line":26}},"s":{"0":1,"1":1,"2":23,"3":23,"4":1,"5":23,"6":23,"7":23,"8":23,"9":23,"10":23,"11":1,"12":1,"13":1,"14":1,"15":1,"16":47,"17":47,"18":1},"f":{"0":23,"1":23,"2":1,"3":47},"b":{"0":[23,9]},"_coverageSchema":"1a1c01bbd47fc00a2c39e90264f33305004495a9","hash":"535ab172c51ea7d77e869315abca185417bf6e19"}
,"/home/guilherme/Área de Trabalho/projeto-trybe-wallet/sd-029-b-project-trybewallet/src/pages/Wallet.js": {"path":"/home/guilherme/Área de Trabalho/projeto-trybe-wallet/sd-029-b-project-trybewallet/src/pages/Wallet.js","statementMap":{"0":{"start":{"line":9,"column":4},"end":{"line":15,"column":6}},"1":{"start":{"line":19,"column":24},"end":{"line":21,"column":2}},"2":{"start":{"line":19,"column":36},"end":{"line":21,"column":1}}},"fnMap":{"0":{"name":"(anonymous_0)","decl":{"start":{"line":8,"column":2},"end":{"line":8,"column":3}},"loc":{"start":{"line":8,"column":11},"end":{"line":16,"column":3}},"line":8},"1":{"name":"(anonymous_1)","decl":{"start":{"line":19,"column":24},"end":{"line":19,"column":25}},"loc":{"start":{"line":19,"column":36},"end":{"line":21,"column":1}},"line":19}},"branchMap":{},"s":{"0":2,"1":1,"2":2},"f":{"0":2,"1":2},"b":{},"_coverageSchema":"1a1c01bbd47fc00a2c39e90264f33305004495a9","hash":"597e8c87f1ed17d95cecfa9c785acbd1c249c911"}
,"/home/guilherme/Área de Trabalho/projeto-trybe-wallet/sd-029-b-project-trybewallet/src/redux/actions/index.js": {"path":"/home/guilherme/Área de Trabalho/projeto-trybe-wallet/sd-029-b-project-trybewallet/src/redux/actions/index.js","statementMap":{"0":{"start":{"line":3,"column":29},"end":{"line":6,"column":2}},"1":{"start":{"line":3,"column":46},"end":{"line":6,"column":1}},"2":{"start":{"line":8,"column":30},"end":{"line":11,"column":2}},"3":{"start":{"line":8,"column":45},"end":{"line":11,"column":1}},"4":{"start":{"line":13,"column":31},"end":{"line":16,"column":2}},"5":{"start":{"line":13,"column":46},"end":{"line":16,"column":1}},"6":{"start":{"line":18,"column":28},"end":{"line":18,"column":42}},"7":{"start":{"line":19,"column":27},"end":{"line":22,"column":2}},"8":{"start":{"line":19,"column":40},"end":{"line":22,"column":1}},"9":{"start":{"line":24,"column":35},"end":{"line":24,"column":56}},"10":{"start":{"line":25,"column":32},"end":{"line":28,"column":2}},"11":{"start":{"line":25,"column":52},"end":{"line":28,"column":1}}},"fnMap":{"0":{"name":"(anonymous_0)","decl":{"start":{"line":3,"column":29},"end":{"line":3,"column":30}},"loc":{"start":{"line":3,"column":46},"end":{"line":6,"column":1}},"line":3},"1":{"name":"(anonymous_1)","decl":{"start":{"line":8,"column":30},"end":{"line":8,"column":31}},"loc":{"start":{"line":8,"column":45},"end":{"line":11,"column":1}},"line":8},"2":{"name":"(anonymous_2)","decl":{"start":{"line":13,"column":31},"end":{"line":13,"column":32}},"loc":{"start":{"line":13,"column":46},"end":{"line":16,"column":1}},"line":13},"3":{"name":"(anonymous_3)","decl":{"start":{"line":19,"column":27},"end":{"line":19,"column":28}},"loc":{"start":{"line":19,"column":40},"end":{"line":22,"column":1}},"line":19},"4":{"name":"(anonymous_4)","decl":{"start":{"line":25,"column":32},"end":{"line":25,"column":33}},"loc":{"start":{"line":25,"column":52},"end":{"line":28,"column":1}},"line":25}},"branchMap":{},"s":{"0":1,"1":0,"2":1,"3":0,"4":1,"5":0,"6":1,"7":1,"8":0,"9":1,"10":1,"11":0},"f":{"0":0,"1":0,"2":0,"3":0,"4":0},"b":{},"_coverageSchema":"1a1c01bbd47fc00a2c39e90264f33305004495a9","hash":"40954a8aa1a9d7bf53363bef8b350e31557facb5"}
,"/home/guilherme/Área de Trabalho/projeto-trybe-wallet/sd-029-b-project-trybewallet/src/redux/actions/userLogin.js": {"path":"/home/guilherme/Área de Trabalho/projeto-trybe-wallet/sd-029-b-project-trybewallet/src/redux/actions/userLogin.js","statementMap":{"0":{"start":{"line":3,"column":36},"end":{"line":8,"column":2}},"1":{"start":{"line":3,"column":48},"end":{"line":8,"column":1}}},"fnMap":{"0":{"name":"(anonymous_0)","decl":{"start":{"line":3,"column":36},"end":{"line":3,"column":37}},"loc":{"start":{"line":3,"column":48},"end":{"line":8,"column":1}},"line":3}},"branchMap":{},"s":{"0":1,"1":1},"f":{"0":1},"b":{},"_coverageSchema":"1a1c01bbd47fc00a2c39e90264f33305004495a9","hash":"c36ea49c1e63be87301a6dc181665be34e84a35b"}
,"/home/guilherme/Área de Trabalho/projeto-trybe-wallet/sd-029-b-project-trybewallet/src/redux/reducers/index.js": {"path":"/home/guilherme/Área de Trabalho/projeto-trybe-wallet/sd-029-b-project-trybewallet/src/redux/reducers/index.js","statementMap":{"0":{"start":{"line":5,"column":20},"end":{"line":8,"column":2}}},"fnMap":{},"branchMap":{},"s":{"0":1},"f":{},"b":{},"_coverageSchema":"1a1c01bbd47fc00a2c39e90264f33305004495a9","hash":"35e885970391a6d8fee20283593eca47449613b5"}
,"/home/guilherme/Área de Trabalho/projeto-trybe-wallet/sd-029-b-project-trybewallet/src/redux/reducers/user.js": {"path":"/home/guilherme/Área de Trabalho/projeto-trybe-wallet/sd-029-b-project-trybewallet/src/redux/reducers/user.js","statementMap":{"0":{"start":{"line":3,"column":22},"end":{"line":6,"column":1}},"1":{"start":{"line":9,"column":28},"end":{"line":9,"column":34}},"2":{"start":{"line":10,"column":2},"end":{"line":18,"column":3}},"3":{"start":{"line":12,"column":4},"end":{"line":15,"column":6}},"4":{"start":{"line":17,"column":4},"end":{"line":17,"column":17}}},"fnMap":{"0":{"name":"user","decl":{"start":{"line":8,"column":9},"end":{"line":8,"column":13}},"loc":{"start":{"line":8,"column":45},"end":{"line":19,"column":1}},"line":8}},"branchMap":{"0":{"loc":{"start":{"line":8,"column":14},"end":{"line":8,"column":35}},"type":"default-arg","locations":[{"start":{"line":8,"column":22},"end":{"line":8,"column":35}}],"line":8},"1":{"loc":{"start":{"line":10,"column":2},"end":{"line":18,"column":3}},"type":"switch","locations":[{"start":{"line":11,"column":2},"end":{"line":15,"column":6}},{"start":{"line":16,"column":2},"end":{"line":17,"column":17}}],"line":10}},"s":{"0":1,"1":5,"2":5,"3":1,"4":4},"f":{"0":5},"b":{"0":[4],"1":[1,4]},"_coverageSchema":"1a1c01bbd47fc00a2c39e90264f33305004495a9","hash":"d08851362c1620587ebd6880d765f18524bc1c67"}
,"/home/guilherme/Área de Trabalho/projeto-trybe-wallet/sd-029-b-project-trybewallet/src/redux/reducers/wallet.js": {"path":"/home/guilherme/Área de Trabalho/projeto-trybe-wallet/sd-029-b-project-trybewallet/src/redux/reducers/wallet.js","statementMap":{"0":{"start":{"line":4,"column":22},"end":{"line":10,"column":1}},"1":{"start":{"line":12,"column":15},"end":{"line":53,"column":1}},"2":{"start":{"line":13,"column":2},"end":{"line":52,"column":3}},"3":{"start":{"line":15,"column":4},"end":{"line":18,"column":6}},"4":{"start":{"line":20,"column":4},"end":{"line":23,"column":6}},"5":{"start":{"line":25,"column":28},"end":{"line":25,"column":79}},"6":{"start":{"line":25,"column":57},"end":{"line":25,"column":78}},"7":{"start":{"line":26,"column":4},"end":{"line":26,"column":33}},"8":{"start":{"line":27,"column":4},"end":{"line":30,"column":6}},"9":{"start":{"line":33,"column":4},"end":{"line":37,"column":6}},"10":{"start":{"line":39,"column":4},"end":{"line":49,"column":6}},"11":{"start":{"line":42,"column":40},"end":{"line":42,"column":79}},"12":{"start":{"line":44,"column":40},"end":{"line":44,"column":79}},"13":{"start":{"line":47,"column":23},"end":{"line":47,"column":34}},"14":{"start":{"line":51,"column":4},"end":{"line":51,"column":17}}},"fnMap":{"0":{"name":"(anonymous_0)","decl":{"start":{"line":12,"column":15},"end":{"line":12,"column":16}},"loc":{"start":{"line":12,"column":50},"end":{"line":53,"column":1}},"line":12},"1":{"name":"(anonymous_1)","decl":{"start":{"line":25,"column":50},"end":{"line":25,"column":51}},"loc":{"start":{"line":25,"column":57},"end":{"line":25,"column":78}},"line":25},"2":{"name":"(anonymous_2)","decl":{"start":{"line":42,"column":33},"end":{"line":42,"column":34}},"loc":{"start":{"line":42,"column":40},"end":{"line":42,"column":79}},"line":42},"3":{"name":"(anonymous_3)","decl":{"start":{"line":44,"column":33},"end":{"line":44,"column":34}},"loc":{"start":{"line":44,"column":40},"end":{"line":44,"column":79}},"line":44},"4":{"name":"(anonymous_4)","decl":{"start":{"line":47,"column":13},"end":{"line":47,"column":14}},"loc":{"start":{"line":47,"column":23},"end":{"line":47,"column":34}},"line":47}},"branchMap":{"0":{"loc":{"start":{"line":12,"column":16},"end":{"line":12,"column":37}},"type":"default-arg","locations":[{"start":{"line":12,"column":24},"end":{"line":12,"column":37}}],"line":12},"1":{"loc":{"start":{"line":13,"column":2},"end":{"line":52,"column":3}},"type":"switch","locations":[{"start":{"line":14,"column":2},"end":{"line":18,"column":6}},{"start":{"line":19,"column":2},"end":{"line":23,"column":6}},{"start":{"line":24,"column":2},"end":{"line":31,"column":3}},{"start":{"line":32,"column":2},"end":{"line":37,"column":6}},{"start":{"line":38,"column":2},"end":{"line":49,"column":6}},{"start":{"line":50,"column":2},"end":{"line":51,"column":17}}],"line":13}},"s":{"0":1,"1":1,"2":5,"3":0,"4":0,"5":0,"6":0,"7":0,"8":0,"9":0,"10":0,"11":0,"12":0,"13":0,"14":5},"f":{"0":5,"1":0,"2":0,"3":0,"4":0},"b":{"0":[4],"1":[0,0,0,0,0,5]},"_coverageSchema":"1a1c01bbd47fc00a2c39e90264f33305004495a9","hash":"6ff01d785a8a01b64eb610e8fd0e45eefbddc222"}
,"/home/guilherme/Área de Trabalho/projeto-trybe-wallet/sd-029-b-project-trybewallet/src/redux/type/casesOfType.js": {"path":"/home/guilherme/Área de Trabalho/projeto-trybe-wallet/sd-029-b-project-trybewallet/src/redux/type/casesOfType.js","statementMap":{"0":{"start":{"line":1,"column":21},"end":{"line":1,"column":43}},"1":{"start":{"line":2,"column":29},"end":{"line":2,"column":44}},"2":{"start":{"line":3,"column":31},"end":{"line":3,"column":48}},"3":{"start":{"line":4,"column":27},"end":{"line":4,"column":40}}},"fnMap":{},"branchMap":{},"s":{"0":1,"1":1,"2":1,"3":1},"f":{},"b":{},"_coverageSchema":"1a1c01bbd47fc00a2c39e90264f33305004495a9","hash":"8747d76124d7f43b57c052ee554c48e8e0557bdb"}
}
