{"total": {"lines":{"total":117,"covered":79,"skipped":0,"pct":67.52},"statements":{"total":128,"covered":85,"skipped":0,"pct":66.4},"functions":{"total":42,"covered":22,"skipped":0,"pct":52.38},"branches":{"total":20,"covered":11,"skipped":0,"pct":55},"branchesTrue":{"total":0,"covered":0,"skipped":0,"pct":100}}
,"/home/guilherme/Área de Trabalho/projeto-trybe-wallet/sd-029-b-project-trybewallet/src/App.js": {"lines":{"total":1,"covered":1,"skipped":0,"pct":100},"functions":{"total":1,"covered":1,"skipped":0,"pct":100},"statements":{"total":1,"covered":1,"skipped":0,"pct":100},"branches":{"total":0,"covered":0,"skipped":0,"pct":100}}
,"/home/guilherme/Área de Trabalho/projeto-trybe-wallet/sd-029-b-project-trybewallet/src/components/Header.js": {"lines":{"total":9,"covered":5,"skipped":0,"pct":55.55},"functions":{"total":4,"covered":2,"skipped":0,"pct":50},"statements":{"total":10,"covered":6,"skipped":0,"pct":60},"branches":{"total":0,"covered":0,"skipped":0,"pct":100}}
,"/home/guilherme/Área de Trabalho/projeto-trybe-wallet/sd-029-b-project-trybewallet/src/components/Table.js": {"lines":{"total":17,"covered":7,"skipped":0,"pct":41.17},"functions":{"total":7,"covered":2,"skipped":0,"pct":28.57},"statements":{"total":18,"covered":8,"skipped":0,"pct":44.44},"branches":{"total":0,"covered":0,"skipped":0,"pct":100}}
,"/home/guilherme/Área de Trabalho/projeto-trybe-wallet/sd-029-b-project-trybewallet/src/components/WalletForm.js": {"lines":{"total":37,"covered":22,"skipped":0,"pct":59.45},"functions":{"total":12,"covered":7,"skipped":0,"pct":58.33},"statements":{"total":38,"covered":23,"skipped":0,"pct":60.52},"branches":{"total":8,"covered":3,"skipped":0,"pct":37.5}}
,"/home/guilherme/Área de Trabalho/projeto-trybe-wallet/sd-029-b-project-trybewallet/src/pages/Login.js": {"lines":{"total":19,"covered":19,"skipped":0,"pct":100},"functions":{"total":4,"covered":4,"skipped":0,"pct":100},"statements":{"total":19,"covered":19,"skipped":0,"pct":100},"branches":{"total":2,"covered":2,"skipped":0,"pct":100}}
,"/home/guilherme/Área de Trabalho/projeto-trybe-wallet/sd-029-b-project-trybewallet/src/pages/Wallet.js": {"lines":{"total":2,"covered":2,"skipped":0,"pct":100},"functions":{"total":2,"covered":2,"skipped":0,"pct":100},"statements":{"total":3,"covered":3,"skipped":0,"pct":100},"branches":{"total":0,"covered":0,"skipped":0,"pct":100}}
,"/home/guilherme/Área de Trabalho/projeto-trybe-wallet/sd-029-b-project-trybewallet/src/redux/actions/index.js": {"lines":{"total":7,"covered":7,"skipped":0,"pct":100},"functions":{"total":5,"covered":1,"skipped":0,"pct":20},"statements":{"total":12,"covered":8,"skipped":0,"pct":66.66},"branches":{"total":0,"covered":0,"skipped":0,"pct":100}}
,"/home/guilherme/Área de Trabalho/projeto-trybe-wallet/sd-029-b-project-trybewallet/src/redux/actions/userLogin.js": {"lines":{"total":1,"covered":1,"skipped":0,"pct":100},"functions":{"total":1,"covered":1,"skipped":0,"pct":100},"statements":{"total":2,"covered":2,"skipped":0,"pct":100},"branches":{"total":0,"covered":0,"skipped":0,"pct":100}}
,"/home/guilherme/Área de Trabalho/projeto-trybe-wallet/sd-029-b-project-trybewallet/src/redux/reducers/index.js": {"lines":{"total":1,"covered":1,"skipped":0,"pct":100},"functions":{"total":0,"covered":0,"skipped":0,"pct":100},"statements":{"total":1,"covered":1,"skipped":0,"pct":100},"branches":{"total":0,"covered":0,"skipped":0,"pct":100}}
,"/home/guilherme/Área de Trabalho/projeto-trybe-wallet/sd-029-b-project-trybewallet/src/redux/reducers/user.js": {"lines":{"total":5,"covered":5,"skipped":0,"pct":100},"functions":{"total":1,"covered":1,"skipped":0,"pct":100},"statements":{"total":5,"covered":5,"skipped":0,"pct":100},"branches":{"total":3,"covered":3,"skipped":0,"pct":100}}
,"/home/guilherme/Área de Trabalho/projeto-trybe-wallet/sd-029-b-project-trybewallet/src/redux/reducers/wallet.js": {"lines":{"total":14,"covered":5,"skipped":0,"pct":35.71},"functions":{"total":5,"covered":1,"skipped":0,"pct":20},"statements":{"total":15,"covered":5,"skipped":0,"pct":33.33},"branches":{"total":7,"covered":3,"skipped":0,"pct":42.85}}
,"/home/guilherme/Área de Trabalho/projeto-trybe-wallet/sd-029-b-project-trybewallet/src/redux/type/casesOfType.js": {"lines":{"total":4,"covered":4,"skipped":0,"pct":100},"functions":{"total":0,"covered":0,"skipped":0,"pct":100},"statements":{"total":4,"covered":4,"skipped":0,"pct":100},"branches":{"total":0,"covered":0,"skipped":0,"pct":100}}
}
