TN:
SF:src/App.js
FN:7,(anonymous_0)
FNF:1
FNH:1
FNDA:1,(anonymous_0)
DA:8,1
LF:1
LH:1
BRF:0
BRH:0
end_of_record
TN:
SF:src/components/Header.js
FN:6,(anonymous_0)
FN:8,(anonymous_1)
FN:10,(anonymous_2)
FN:30,(anonymous_3)
FNF:4
FNH:2
FNDA:2,(anonymous_0)
FNDA:0,(anonymous_1)
FNDA:0,(anonymous_2)
FNDA:2,(anonymous_3)
DA:7,2
DA:8,2
DA:9,0
DA:10,0
DA:11,0
DA:12,0
DA:14,2
DA:30,2
DA:35,1
LF:9
LH:5
BRF:0
BRH:0
end_of_record
TN:
SF:src/components/Table.js
FN:7,(anonymous_0)
FN:12,(anonymous_1)
FN:17,(anonymous_2)
FN:36,(anonymous_3)
FN:66,(anonymous_4)
FN:73,(anonymous_5)
FN:94,(anonymous_6)
FNF:7
FNH:2
FNDA:0,(anonymous_0)
FNDA:0,(anonymous_1)
FNDA:2,(anonymous_2)
FNDA:0,(anonymous_3)
FNDA:0,(anonymous_4)
FNDA:0,(anonymous_5)
FNDA:2,(anonymous_6)
DA:7,2
DA:8,0
DA:9,0
DA:12,2
DA:13,0
DA:14,0
DA:18,2
DA:20,2
DA:45,0
DA:47,0
DA:50,0
DA:52,0
DA:66,0
DA:73,0
DA:88,1
DA:94,2
LF:16
LH:6
BRF:0
BRH:0
end_of_record
TN:
SF:src/components/WalletForm.js
FN:17,(anonymous_0)
FN:23,(anonymous_1)
FN:27,(anonymous_2)
FN:34,(anonymous_3)
FN:41,(anonymous_4)
FN:50,(anonymous_5)
FN:57,(anonymous_6)
FN:62,(anonymous_7)
FN:73,(anonymous_8)
FN:108,(anonymous_9)
FN:148,(anonymous_10)
FN:165,(anonymous_11)
FNF:12
FNH:8
FNDA:2,(anonymous_0)
FNDA:9,(anonymous_1)
FNDA:0,(anonymous_2)
FNDA:3,(anonymous_3)
FNDA:0,(anonymous_4)
FNDA:9,(anonymous_5)
FNDA:1,(anonymous_6)
FNDA:0,(anonymous_7)
FNDA:11,(anonymous_8)
FNDA:0,(anonymous_9)
FNDA:1,(anonymous_10)
FNDA:2,(anonymous_11)
DA:7,2
DA:18,2
DA:19,2
DA:20,0
DA:24,9
DA:25,9
DA:26,0
DA:27,0
DA:28,0
DA:34,2
DA:35,3
DA:36,0
DA:37,0
DA:38,0
DA:41,2
DA:42,0
DA:43,0
DA:47,0
DA:50,2
DA:51,9
DA:52,9
DA:57,2
DA:58,1
DA:59,1
DA:60,0
DA:63,0
DA:64,0
DA:65,0
DA:74,11
DA:75,11
DA:76,11
DA:109,0
DA:149,1
DA:150,1
DA:152,0
DA:165,2
DA:172,1
LF:37
LH:21
BRDA:25,0,0,0
BRDA:25,0,1,9
BRDA:25,1,0,9
BRDA:25,1,1,0
BRDA:149,2,0,1
BRDA:149,2,1,0
BRDA:157,3,0,0
BRDA:157,3,1,11
BRF:8
BRH:4
end_of_record
TN:
SF:src/pages/Login.js
FN:13,(anonymous_0)
FN:20,(anonymous_1)
FN:29,(anonymous_2)
FN:36,(anonymous_3)
FNF:4
FNH:4
FNDA:23,(anonymous_0)
FNDA:23,(anonymous_1)
FNDA:1,(anonymous_2)
FNDA:47,(anonymous_3)
DA:7,1
DA:13,1
DA:14,23
DA:15,23
DA:20,1
DA:21,23
DA:22,23
DA:23,23
DA:24,23
DA:25,23
DA:26,23
DA:29,1
DA:30,1
DA:31,1
DA:32,1
DA:33,1
DA:37,47
DA:38,47
DA:64,1
LF:19
LH:19
BRDA:26,0,0,23
BRDA:26,0,1,9
BRF:2
BRH:2
end_of_record
TN:
SF:src/pages/Wallet.js
FN:8,(anonymous_0)
FN:19,(anonymous_1)
FNF:2
FNH:2
FNDA:2,(anonymous_0)
FNDA:2,(anonymous_1)
DA:9,2
DA:19,2
LF:2
LH:2
BRF:0
BRH:0
end_of_record
TN:
SF:src/redux/actions/index.js
FN:3,(anonymous_0)
FN:8,(anonymous_1)
FN:13,(anonymous_2)
FN:19,(anonymous_3)
FN:25,(anonymous_4)
FNF:5
FNH:0
FNDA:0,(anonymous_0)
FNDA:0,(anonymous_1)
FNDA:0,(anonymous_2)
FNDA:0,(anonymous_3)
FNDA:0,(anonymous_4)
DA:3,1
DA:8,1
DA:13,1
DA:18,1
DA:19,1
DA:24,1
DA:25,1
LF:7
LH:7
BRF:0
BRH:0
end_of_record
TN:
SF:src/redux/actions/userLogin.js
FN:3,(anonymous_0)
FNF:1
FNH:1
FNDA:1,(anonymous_0)
DA:3,1
LF:1
LH:1
BRF:0
BRH:0
end_of_record
TN:
SF:src/redux/reducers/index.js
FNF:0
FNH:0
DA:5,1
LF:1
LH:1
BRF:0
BRH:0
end_of_record
TN:
SF:src/redux/reducers/user.js
FN:8,user
FNF:1
FNH:1
FNDA:5,user
DA:3,1
DA:9,5
DA:10,5
DA:12,1
DA:17,4
LF:5
LH:5
BRDA:8,0,0,4
BRDA:10,1,0,1
BRDA:10,1,1,4
BRF:3
BRH:3
end_of_record
TN:
SF:src/redux/reducers/wallet.js
FN:12,(anonymous_0)
FN:25,(anonymous_1)
FN:42,(anonymous_2)
FN:44,(anonymous_3)
FN:47,(anonymous_4)
FNF:5
FNH:1
FNDA:5,(anonymous_0)
FNDA:0,(anonymous_1)
FNDA:0,(anonymous_2)
FNDA:0,(anonymous_3)
FNDA:0,(anonymous_4)
DA:4,1
DA:12,1
DA:13,5
DA:15,0
DA:20,0
DA:25,0
DA:26,0
DA:27,0
DA:33,0
DA:39,0
DA:42,0
DA:44,0
DA:47,0
DA:51,5
LF:14
LH:4
BRDA:12,0,0,4
BRDA:13,1,0,0
BRDA:13,1,1,0
BRDA:13,1,2,0
BRDA:13,1,3,0
BRDA:13,1,4,0
BRDA:13,1,5,5
BRF:7
BRH:2
end_of_record
TN:
SF:src/redux/type/casesOfType.js
FNF:0
FNH:0
DA:1,1
DA:2,1
DA:3,1
DA:4,1
LF:4
LH:4
BRF:0
BRH:0
end_of_record
